INFO:     Will watch for changes in these directories: ['/home/workspace']
INFO:     Uvicorn running on http://0.0.0.0:8000 (Press CTRL+C to quit)
INFO:     Started reloader process [285] using StatReload
INFO:     Started server process [287]
INFO:     Waiting for application startup.
INFO:     Application startup complete.
INFO:     172.20.0.1:36244 - "HEAD / HTTP/1.1" 405 Method Not Allowed
INFO:     172.20.0.1:36256 - "GET /api/jobs?tags=Remote HTTP/1.1" 500 Internal Server Error
ERROR:    Exception in ASGI application
Traceback (most recent call last):
  File "/usr/local/lib/python3.13/site-packages/uvicorn/protocols/http/h11_impl.py", line 408, in run_asgi
    result = await app(  # type: ignore[func-returns-value]
             ^^^^^^^^^^^^^^^^^^^^^^^^^^^^^^^^^^^^^^^^^^^^^^
        self.scope, self.receive, self.send
        ^^^^^^^^^^^^^^^^^^^^^^^^^^^^^^^^^^^
    )
    ^
  File "/usr/local/lib/python3.13/site-packages/uvicorn/middleware/proxy_headers.py", line 84, in __call__
    return await self.app(scope, receive, send)
           ^^^^^^^^^^^^^^^^^^^^^^^^^^^^^^^^^^^^
  File "/usr/local/lib/python3.13/site-packages/fastapi/applications.py", line 1106, in __call__
    await super().__call__(scope, receive, send)
  File "/usr/local/lib/python3.13/site-packages/starlette/applications.py", line 122, in __call__
    await self.middleware_stack(scope, receive, send)
  File "/usr/local/lib/python3.13/site-packages/starlette/middleware/errors.py", line 184, in __call__
    raise exc
  File "/usr/local/lib/python3.13/site-packages/starlette/middleware/errors.py", line 162, in __call__
    await self.app(scope, receive, _send)
  File "/usr/local/lib/python3.13/site-packages/starlette/middleware/cors.py", line 91, in __call__
    await self.simple_response(scope, receive, send, request_headers=headers)
  File "/usr/local/lib/python3.13/site-packages/starlette/middleware/cors.py", line 146, in simple_response
    await self.app(scope, receive, send)
  File "/usr/local/lib/python3.13/site-packages/starlette/middleware/exceptions.py", line 79, in __call__
    raise exc
  File "/usr/local/lib/python3.13/site-packages/starlette/middleware/exceptions.py", line 68, in __call__
    await self.app(scope, receive, sender)
  File "/usr/local/lib/python3.13/site-packages/fastapi/middleware/asyncexitstack.py", line 20, in __call__
    raise e
  File "/usr/local/lib/python3.13/site-packages/fastapi/middleware/asyncexitstack.py", line 17, in __call__
    await self.app(scope, receive, send)
  File "/usr/local/lib/python3.13/site-packages/starlette/routing.py", line 718, in __call__
    await route.handle(scope, receive, send)
  File "/usr/local/lib/python3.13/site-packages/starlette/routing.py", line 276, in handle
    await self.app(scope, receive, send)
  File "/usr/local/lib/python3.13/site-packages/starlette/routing.py", line 66, in app
    response = await func(request)
               ^^^^^^^^^^^^^^^^^^^
  File "/usr/local/lib/python3.13/site-packages/fastapi/routing.py", line 274, in app
    raw_response = await run_endpoint_function(
                   ^^^^^^^^^^^^^^^^^^^^^^^^^^^^
        dependant=dependant, values=values, is_coroutine=is_coroutine
        ^^^^^^^^^^^^^^^^^^^^^^^^^^^^^^^^^^^^^^^^^^^^^^^^^^^^^^^^^^^^^
    )
    ^
  File "/usr/local/lib/python3.13/site-packages/fastapi/routing.py", line 193, in run_endpoint_function
    return await run_in_threadpool(dependant.call, **values)
           ^^^^^^^^^^^^^^^^^^^^^^^^^^^^^^^^^^^^^^^^^^^^^^^^^
  File "/usr/local/lib/python3.13/site-packages/starlette/concurrency.py", line 41, in run_in_threadpool
    return await anyio.to_thread.run_sync(func, *args)
           ^^^^^^^^^^^^^^^^^^^^^^^^^^^^^^^^^^^^^^^^^^^
  File "/usr/local/lib/python3.13/site-packages/anyio/to_thread.py", line 33, in run_sync
    return await get_asynclib().run_sync_in_worker_thread(
           ^^^^^^^^^^^^^^^^^^^^^^^^^^^^^^^^^^^^^^^^^^^^^^^
        func, *args, cancellable=cancellable, limiter=limiter
        ^^^^^^^^^^^^^^^^^^^^^^^^^^^^^^^^^^^^^^^^^^^^^^^^^^^^^
    )
    ^
  File "/usr/local/lib/python3.13/site-packages/anyio/_backends/_asyncio.py", line 877, in run_sync_in_worker_thread
    return await future
           ^^^^^^^^^^^^
  File "/usr/local/lib/python3.13/site-packages/anyio/_backends/_asyncio.py", line 807, in run
    result = context.run(func, *args)
  File "/home/workspace/main.py", line 135, in list_jobs
    _ensure_seed_data()
    ~~~~~~~~~~~~~~~~~^^
  File "/home/workspace/main.py", line 120, in _ensure_seed_data
    create_document(COLLECTION, j)
    ~~~~~~~~~~~~~~~^^^^^^^^^^^^^^^
  File "/home/workspace/database.py", line 43, in create_document
    result = db[collection_name].insert_one(data_dict)
  File "/usr/local/lib/python3.13/site-packages/pymongo/collection.py", line 669, in insert_one
    self._insert_one(
    ~~~~~~~~~~~~~~~~^
        document,
        ^^^^^^^^^
    ...<5 lines>...
        comment=comment,
        ^^^^^^^^^^^^^^^^
    ),
    ^
  File "/usr/local/lib/python3.13/site-packages/pymongo/collection.py", line 609, in _insert_one
    self.__database.client._retryable_write(acknowledged, _insert_command, session)
    ~~~~~~~~~~~~~~~~~~~~~~~~~~~~~~~~~~~~~~~^^^^^^^^^^^^^^^^^^^^^^^^^^^^^^^^^^^^^^^^
  File "/usr/local/lib/python3.13/site-packages/pymongo/mongo_client.py", line 1523, in _retryable_write
    return self._retry_with_session(retryable, func, s, bulk)
           ~~~~~~~~~~~~~~~~~~~~~~~~^^^^^^^^^^^^^^^^^^^^^^^^^^
  File "/usr/local/lib/python3.13/site-packages/pymongo/mongo_client.py", line 1421, in _retry_with_session
    return self._retry_internal(
           ~~~~~~~~~~~~~~~~~~~~^
        func=func,
        ^^^^^^^^^^
    ...<2 lines>...
        retryable=retryable,
        ^^^^^^^^^^^^^^^^^^^^
    )
    ^
  File "/usr/local/lib/python3.13/site-packages/pymongo/_csot.py", line 107, in csot_wrapper
    return func(self, *args, **kwargs)
  File "/usr/local/lib/python3.13/site-packages/pymongo/mongo_client.py", line 1462, in _retry_internal
    ).run()
      ~~~^^
  File "/usr/local/lib/python3.13/site-packages/pymongo/mongo_client.py", line 2315, in run
    return self._read() if self._is_read else self._write()
                                              ~~~~~~~~~~~^^
  File "/usr/local/lib/python3.13/site-packages/pymongo/mongo_client.py", line 2422, in _write
    return self._func(self._session, conn, self._retryable)  # type: ignore
           ~~~~~~~~~~^^^^^^^^^^^^^^^^^^^^^^^^^^^^^^^^^^^^^^
  File "/usr/local/lib/python3.13/site-packages/pymongo/collection.py", line 597, in _insert_command
    result = conn.command(
        self.__database.name,
    ...<5 lines>...
        retryable_write=retryable_write,
    )
  File "/usr/local/lib/python3.13/site-packages/pymongo/helpers.py", line 322, in inner
    return func(*args, **kwargs)
  File "/usr/local/lib/python3.13/site-packages/pymongo/pool.py", line 968, in command
    return command(
        self,
    ...<20 lines>...
        write_concern=write_concern,
    )
  File "/usr/local/lib/python3.13/site-packages/pymongo/network.py", line 192, in command
    helpers._check_command_response(
    ~~~~~~~~~~~~~~~~~~~~~~~~~~~~~~~^
        response_doc,
        ^^^^^^^^^^^^^
    ...<2 lines>...
        parse_write_concern_error=parse_write_concern_error,
        ^^^^^^^^^^^^^^^^^^^^^^^^^^^^^^^^^^^^^^^^^^^^^^^^^^^^
    )
    ^
  File "/usr/local/lib/python3.13/site-packages/pymongo/helpers.py", line 230, in _check_command_response
    raise OperationFailure(errmsg, code, response, max_wire_version)
pymongo.errors.OperationFailure: [ActivityId=6a90a045-6bd3-4320-90a2-8e1cd53f6ee4] Error=1, Details='Response status code does not indicate success: ServiceUnavailable (503); Substatus: 1007; ActivityId: 6a90a045-6bd3-4320-90a2-8e1cd53f6ee4; Reason: ({"code":"ServiceUnavailable","message":"Sorry, we are currently experiencing high demand in this region UK South, and cannot fulfill your request at this time Tue, 04 Nov 2025 07:27:34 GMT.\r\nActivityId: 6a90a045-6bd3-4320-90a2-8e1cd53f6ee4, Microsoft.Azure.Documents.Common/2.14.0"}
RequestUri: https://developer-platform-user-db-30-uksouth.documents.azure.com/dbs/project_prj_f778ebmo/colls;
RequestMethod: POST;
Header: Authorization Length: 80;
Header: x-ms-date Length: 29;
Header: x-ms-cosmos-sdk-supportedcapabilities Length: 1;
Header: x-ms-cosmos-insert-systempartitionkey Length: 4;
Header: x-ms-activity-id Length: 36;
Header: Cache-Control Length: 8;
Header: User-Agent Length: 145;
Header: x-ms-cosmos-apitype Length: 7;
Header: x-ms-version Length: 10;
Header: Accept Length: 16;
Header: x-ms-cosmos-compute-hop-count Length: 1;
Header: x-ms-gateway-use-mtls Length: 1;
Header: traceparent Length: 55;
Header: tracestate Length: 6;
, Request URI: /dbs/project_prj_f778ebmo/colls, RequestStats: Microsoft.Azure.Cosmos.Tracing.TraceData.ClientSideRequestStatisticsTraceDatum, SDK: Windows/10.0.20348 cosmos-netstandard-sdk/3.18.0);; Diagnostics:{"Summary":{"GatewayCalls":{"(503, 1007)":1}},"name":"CreateContainerWithSystemPartitionKeyStreamAsync","start datetime":"2025-11-04T07:27:34.402Z","duration in milliseconds":92.7562,"data":{"Client Configuration":{"Client Created Time Utc":"2025-11-04T06:02:08.3642641Z","MachineId":"vmId:22769efc-a7d6-4bca-b349-327fb7606a7b","VM Region":"uksouth","NumberOfClientsCreated":12067,"NumberOfActiveClients":144,"ConnectionMode":"Direct","User Agent":"cosmos-netstandard-sdk/3.51.0P|10|X64|Microsoft Windows 10.0.20348|.NET 8.0.4|S|F 00000010|MongoService1-ComputeGateway-cdb-ms-prod-uksouth1-fe16","ConnectionConfig":{"gw":"(cps:50, urto:60, p:False, httpf: True)","rntbd":"(cto: 5, icto: -1, mrpc: 6, mcpe: 64, erd: True, pr: ReuseUnicastPort)","other":"(ed:False, be:False)"},"ConsistencyConfig":"(consistency: NotSet, prgns:[], apprgn: UK South)","ProcessorCount":32}},"children":[{"name":"Microsoft.Azure.Cosmos.Handlers.RequestInvokerHandler","duration in milliseconds":92.6977,"children":[{"name":"Microsoft.Azure.Cosmos.Friends.DelayEstimateRequestHandler","duration in milliseconds":92.687,"children":[{"name":"Microsoft.Azure.Cosmos.Handlers.TelemetryHandler","duration in milliseconds":92.6837,"children":[{"name":"Microsoft.Azure.Cosmos.Handlers.RetryHandler","duration in milliseconds":92.6825,"children":[{"name":"Microsoft.Azure.Cosmos.Handlers.RouterHandler","duration in milliseconds":92.6667,"children":[{"name":"Microsoft.Azure.Cosmos.Handlers.TransportHandler","duration in milliseconds":92.6659,"children":[{"name":"Microsoft.Azure.Cosmos.GatewayStoreModel Transport Request","duration in milliseconds":92.3749,"data":{"Client Side Request Stats":{"Id":"AggregatedClientSideRequestStatistics","ContactedReplicas":[],"RegionsContacted":[],"FailedReplicas":[],"AddressResolutionStatistics":[],"StoreResponseStatistics":[],"HttpResponseStats":[{"StartTimeUTC":"2025-11-04T07:27:34.4028381Z","DurationInMs":91.3936,"RequestUri":"https://developer-platform-user-db-30-uksouth.documents.azure.com/dbs/project_prj_f778ebmo/colls","ResourceType":"Collection","HttpMethod":"POST","ActivityId":"6a90a045-6bd3-4320-90a2-8e1cd53f6ee4","StatusCode":"ServiceUnavailable","ReasonPhrase":"Service Unavailable"}]},"Point Operation Statistics":{"Id":"PointOperationStatistics","ActivityId":"6a90a045-6bd3-4320-90a2-8e1cd53f6ee4","ResponseTimeUtc":"2025-11-04T07:27:34.4954468Z","StatusCode":503,"SubStatusCode":1007,"RequestCharge":0,"RequestUri":"dbs/project_prj_f778ebmo","ErrorMessage":"{\"code\":\"ServiceUnavailable\",\"message\":\"Sorry, we are currently experiencing high demand in this region UK South, and cannot fulfill your request at this time Tue, 04 Nov 2025 07:27:34 GMT.\\r\\nActivityId: 6a90a045-6bd3-4320-90a2-8e1cd53f6ee4, Microsoft.Azure.Documents.Common/2.14.0\"}\r\nRequestUri: https://developer-platform-user-db-30-uksouth.documents.azure.com/dbs/project_prj_f778ebmo/colls;\r\nRequestMethod: POST;\r\nHeader: Authorization Length: 80;\r\nHeader: x-ms-date Length: 29;\r\nHeader: x-ms-cosmos-sdk-supportedcapabilities Length: 1;\r\nHeader: x-ms-cosmos-insert-systempartitionkey Length: 4;\r\nHeader: x-ms-activity-id Length: 36;\r\nHeader: Cache-Control Length: 8;\r\nHeader: User-Agent Length: 145;\r\nHeader: x-ms-cosmos-apitype Length: 7;\r\nHeader: x-ms-version Length: 10;\r\nHeader: Accept Length: 16;\r\nHeader: x-ms-cosmos-compute-hop-count Length: 1;\r\nHeader: x-ms-gateway-use-mtls Length: 1;\r\nHeader: traceparent Length: 55;\r\nHeader: tracestate Length: 6;\r\n, Request URI: /dbs/project_prj_f778ebmo/colls, RequestStats: Microsoft.Azure.Cosmos.Tracing.TraceData.ClientSideRequestStatisticsTraceDatum, SDK: Windows/10.0.20348 cosmos-netstandard-sdk/3.18.0","RequestSessionToken":null,"ResponseSessionToken":null,"BELatencyInMs":null}}}]}]}]}]}]}]}]}, full error: {'ok': 0.0, 'errmsg': '[ActivityId=6a90a045-6bd3-4320-90a2-8e1cd53f6ee4] Error=1, Details=\'Response status code does not indicate success: ServiceUnavailable (503); Substatus: 1007; ActivityId: 6a90a045-6bd3-4320-90a2-8e1cd53f6ee4; Reason: ({"code":"ServiceUnavailable","message":"Sorry, we are currently experiencing high demand in this region UK South, and cannot fulfill your request at this time Tue, 04 Nov 2025 07:27:34 GMT.\\r\\nActivityId: 6a90a045-6bd3-4320-90a2-8e1cd53f6ee4, Microsoft.Azure.Documents.Common/2.14.0"}\r\nRequestUri: https://developer-platform-user-db-30-uksouth.documents.azure.com/dbs/project_prj_f778ebmo/colls;\r\nRequestMethod: POST;\r\nHeader: Authorization Length: 80;\r\nHeader: x-ms-date Length: 29;\r\nHeader: x-ms-cosmos-sdk-supportedcapabilities Length: 1;\r\nHeader: x-ms-cosmos-insert-systempartitionkey Length: 4;\r\nHeader: x-ms-activity-id Length: 36;\r\nHeader: Cache-Control Length: 8;\r\nHeader: User-Agent Length: 145;\r\nHeader: x-ms-cosmos-apitype Length: 7;\r\nHeader: x-ms-version Length: 10;\r\nHeader: Accept Length: 16;\r\nHeader: x-ms-cosmos-compute-hop-count Length: 1;\r\nHeader: x-ms-gateway-use-mtls Length: 1;\r\nHeader: traceparent Length: 55;\r\nHeader: tracestate Length: 6;\r\n, Request URI: /dbs/project_prj_f778ebmo/colls, RequestStats: Microsoft.Azure.Cosmos.Tracing.TraceData.ClientSideRequestStatisticsTraceDatum, SDK: Windows/10.0.20348 cosmos-netstandard-sdk/3.18.0);; Diagnostics:{"Summary":{"GatewayCalls":{"(503, 1007)":1}},"name":"CreateContainerWithSystemPartitionKeyStreamAsync","start datetime":"2025-11-04T07:27:34.402Z","duration in milliseconds":92.7562,"data":{"Client Configuration":{"Client Created Time Utc":"2025-11-04T06:02:08.3642641Z","MachineId":"vmId:22769efc-a7d6-4bca-b349-327fb7606a7b","VM Region":"uksouth","NumberOfClientsCreated":12067,"NumberOfActiveClients":144,"ConnectionMode":"Direct","User Agent":"cosmos-netstandard-sdk/3.51.0P|10|X64|Microsoft Windows 10.0.20348|.NET 8.0.4|S|F 00000010|MongoService1-ComputeGateway-cdb-ms-prod-uksouth1-fe16","ConnectionConfig":{"gw":"(cps:50, urto:60, p:False, httpf: True)","rntbd":"(cto: 5, icto: -1, mrpc: 6, mcpe: 64, erd: True, pr: ReuseUnicastPort)","other":"(ed:False, be:False)"},"ConsistencyConfig":"(consistency: NotSet, prgns:[], apprgn: UK South)","ProcessorCount":32}},"children":[{"name":"Microsoft.Azure.Cosmos.Handlers.RequestInvokerHandler","duration in milliseconds":92.6977,"children":[{"name":"Microsoft.Azure.Cosmos.Friends.DelayEstimateRequestHandler","duration in milliseconds":92.687,"children":[{"name":"Microsoft.Azure.Cosmos.Handlers.TelemetryHandler","duration in milliseconds":92.6837,"children":[{"name":"Microsoft.Azure.Cosmos.Handlers.RetryHandler","duration in milliseconds":92.6825,"children":[{"name":"Microsoft.Azure.Cosmos.Handlers.RouterHandler","duration in milliseconds":92.6667,"children":[{"name":"Microsoft.Azure.Cosmos.Handlers.TransportHandler","duration in milliseconds":92.6659,"children":[{"name":"Microsoft.Azure.Cosmos.GatewayStoreModel Transport Request","duration in milliseconds":92.3749,"data":{"Client Side Request Stats":{"Id":"AggregatedClientSideRequestStatistics","ContactedReplicas":[],"RegionsContacted":[],"FailedReplicas":[],"AddressResolutionStatistics":[],"StoreResponseStatistics":[],"HttpResponseStats":[{"StartTimeUTC":"2025-11-04T07:27:34.4028381Z","DurationInMs":91.3936,"RequestUri":"https://developer-platform-user-db-30-uksouth.documents.azure.com/dbs/project_prj_f778ebmo/colls","ResourceType":"Collection","HttpMethod":"POST","ActivityId":"6a90a045-6bd3-4320-90a2-8e1cd53f6ee4","StatusCode":"ServiceUnavailable","ReasonPhrase":"Service Unavailable"}]},"Point Operation Statistics":{"Id":"PointOperationStatistics","ActivityId":"6a90a045-6bd3-4320-90a2-8e1cd53f6ee4","ResponseTimeUtc":"2025-11-04T07:27:34.4954468Z","StatusCode":503,"SubStatusCode":1007,"RequestCharge":0,"RequestUri":"dbs/project_prj_f778ebmo","ErrorMessage":"{\\"code\\":\\"ServiceUnavailable\\",\\"message\\":\\"Sorry, we are currently experiencing high demand in this region UK South, and cannot fulfill your request at this time Tue, 04 Nov 2025 07:27:34 GMT.\\\\r\\\\nActivityId: 6a90a045-6bd3-4320-90a2-8e1cd53f6ee4, Microsoft.Azure.Documents.Common/2.14.0\\"}\\r\\nRequestUri: https://developer-platform-user-db-30-uksouth.documents.azure.com/dbs/project_prj_f778ebmo/colls;\\r\\nRequestMethod: POST;\\r\\nHeader: Authorization Length: 80;\\r\\nHeader: x-ms-date Length: 29;\\r\\nHeader: x-ms-cosmos-sdk-supportedcapabilities Length: 1;\\r\\nHeader: x-ms-cosmos-insert-systempartitionkey Length: 4;\\r\\nHeader: x-ms-activity-id Length: 36;\\r\\nHeader: Cache-Control Length: 8;\\r\\nHeader: User-Agent Length: 145;\\r\\nHeader: x-ms-cosmos-apitype Length: 7;\\r\\nHeader: x-ms-version Length: 10;\\r\\nHeader: Accept Length: 16;\\r\\nHeader: x-ms-cosmos-compute-hop-count Length: 1;\\r\\nHeader: x-ms-gateway-use-mtls Length: 1;\\r\\nHeader: traceparent Length: 55;\\r\\nHeader: tracestate Length: 6;\\r\\n, Request URI: /dbs/project_prj_f778ebmo/colls, RequestStats: Microsoft.Azure.Cosmos.Tracing.TraceData.ClientSideRequestStatisticsTraceDatum, SDK: Windows/10.0.20348 cosmos-netstandard-sdk/3.18.0","RequestSessionToken":null,"ResponseSessionToken":null,"BELatencyInMs":null}}}]}]}]}]}]}]}]}', 'code': 1, 'codeName': 'InternalError'}
INFO:     172.20.0.1:36258 - "GET /api/jobs?tags=Remote HTTP/1.1" 500 Internal Server Error
ERROR:    Exception in ASGI application
Traceback (most recent call last):
  File "/usr/local/lib/python3.13/site-packages/uvicorn/protocols/http/h11_impl.py", line 408, in run_asgi
    result = await app(  # type: ignore[func-returns-value]
             ^^^^^^^^^^^^^^^^^^^^^^^^^^^^^^^^^^^^^^^^^^^^^^
        self.scope, self.receive, self.send
        ^^^^^^^^^^^^^^^^^^^^^^^^^^^^^^^^^^^
    )
    ^
  File "/usr/local/lib/python3.13/site-packages/uvicorn/middleware/proxy_headers.py", line 84, in __call__
    return await self.app(scope, receive, send)
           ^^^^^^^^^^^^^^^^^^^^^^^^^^^^^^^^^^^^
  File "/usr/local/lib/python3.13/site-packages/fastapi/applications.py", line 1106, in __call__
    await super().__call__(scope, receive, send)
  File "/usr/local/lib/python3.13/site-packages/starlette/applications.py", line 122, in __call__
    await self.middleware_stack(scope, receive, send)
  File "/usr/local/lib/python3.13/site-packages/starlette/middleware/errors.py", line 184, in __call__
    raise exc
  File "/usr/local/lib/python3.13/site-packages/starlette/middleware/errors.py", line 162, in __call__
    await self.app(scope, receive, _send)
  File "/usr/local/lib/python3.13/site-packages/starlette/middleware/cors.py", line 91, in __call__
    await self.simple_response(scope, receive, send, request_headers=headers)
  File "/usr/local/lib/python3.13/site-packages/starlette/middleware/cors.py", line 146, in simple_response
    await self.app(scope, receive, send)
  File "/usr/local/lib/python3.13/site-packages/starlette/middleware/exceptions.py", line 79, in __call__
    raise exc
  File "/usr/local/lib/python3.13/site-packages/starlette/middleware/exceptions.py", line 68, in __call__
    await self.app(scope, receive, sender)
  File "/usr/local/lib/python3.13/site-packages/fastapi/middleware/asyncexitstack.py", line 20, in __call__
    raise e
  File "/usr/local/lib/python3.13/site-packages/fastapi/middleware/asyncexitstack.py", line 17, in __call__
    await self.app(scope, receive, send)
  File "/usr/local/lib/python3.13/site-packages/starlette/routing.py", line 718, in __call__
    await route.handle(scope, receive, send)
  File "/usr/local/lib/python3.13/site-packages/starlette/routing.py", line 276, in handle
    await self.app(scope, receive, send)
  File "/usr/local/lib/python3.13/site-packages/starlette/routing.py", line 66, in app
    response = await func(request)
               ^^^^^^^^^^^^^^^^^^^
  File "/usr/local/lib/python3.13/site-packages/fastapi/routing.py", line 274, in app
    raw_response = await run_endpoint_function(
                   ^^^^^^^^^^^^^^^^^^^^^^^^^^^^
        dependant=dependant, values=values, is_coroutine=is_coroutine
        ^^^^^^^^^^^^^^^^^^^^^^^^^^^^^^^^^^^^^^^^^^^^^^^^^^^^^^^^^^^^^
    )
    ^
  File "/usr/local/lib/python3.13/site-packages/fastapi/routing.py", line 193, in run_endpoint_function
    return await run_in_threadpool(dependant.call, **values)
           ^^^^^^^^^^^^^^^^^^^^^^^^^^^^^^^^^^^^^^^^^^^^^^^^^
  File "/usr/local/lib/python3.13/site-packages/starlette/concurrency.py", line 41, in run_in_threadpool
    return await anyio.to_thread.run_sync(func, *args)
           ^^^^^^^^^^^^^^^^^^^^^^^^^^^^^^^^^^^^^^^^^^^
  File "/usr/local/lib/python3.13/site-packages/anyio/to_thread.py", line 33, in run_sync
    return await get_asynclib().run_sync_in_worker_thread(
           ^^^^^^^^^^^^^^^^^^^^^^^^^^^^^^^^^^^^^^^^^^^^^^^
        func, *args, cancellable=cancellable, limiter=limiter
        ^^^^^^^^^^^^^^^^^^^^^^^^^^^^^^^^^^^^^^^^^^^^^^^^^^^^^
    )
    ^
  File "/usr/local/lib/python3.13/site-packages/anyio/_backends/_asyncio.py", line 877, in run_sync_in_worker_thread
    return await future
           ^^^^^^^^^^^^
  File "/usr/local/lib/python3.13/site-packages/anyio/_backends/_asyncio.py", line 807, in run
    result = context.run(func, *args)
  File "/home/workspace/main.py", line 135, in list_jobs
    _ensure_seed_data()
    ~~~~~~~~~~~~~~~~~^^
  File "/home/workspace/main.py", line 120, in _ensure_seed_data
    create_document(COLLECTION, j)
    ~~~~~~~~~~~~~~~^^^^^^^^^^^^^^^
  File "/home/workspace/database.py", line 43, in create_document
    result = db[collection_name].insert_one(data_dict)
  File "/usr/local/lib/python3.13/site-packages/pymongo/collection.py", line 669, in insert_one
    self._insert_one(
    ~~~~~~~~~~~~~~~~^
        document,
        ^^^^^^^^^
    ...<5 lines>...
        comment=comment,
        ^^^^^^^^^^^^^^^^
    ),
    ^
  File "/usr/local/lib/python3.13/site-packages/pymongo/collection.py", line 609, in _insert_one
    self.__database.client._retryable_write(acknowledged, _insert_command, session)
    ~~~~~~~~~~~~~~~~~~~~~~~~~~~~~~~~~~~~~~~^^^^^^^^^^^^^^^^^^^^^^^^^^^^^^^^^^^^^^^^
  File "/usr/local/lib/python3.13/site-packages/pymongo/mongo_client.py", line 1523, in _retryable_write
    return self._retry_with_session(retryable, func, s, bulk)
           ~~~~~~~~~~~~~~~~~~~~~~~~^^^^^^^^^^^^^^^^^^^^^^^^^^
  File "/usr/local/lib/python3.13/site-packages/pymongo/mongo_client.py", line 1421, in _retry_with_session
    return self._retry_internal(
           ~~~~~~~~~~~~~~~~~~~~^
        func=func,
        ^^^^^^^^^^
    ...<2 lines>...
        retryable=retryable,
        ^^^^^^^^^^^^^^^^^^^^
    )
    ^
  File "/usr/local/lib/python3.13/site-packages/pymongo/_csot.py", line 107, in csot_wrapper
    return func(self, *args, **kwargs)
  File "/usr/local/lib/python3.13/site-packages/pymongo/mongo_client.py", line 1462, in _retry_internal
    ).run()
      ~~~^^
  File "/usr/local/lib/python3.13/site-packages/pymongo/mongo_client.py", line 2315, in run
    return self._read() if self._is_read else self._write()
                                              ~~~~~~~~~~~^^
  File "/usr/local/lib/python3.13/site-packages/pymongo/mongo_client.py", line 2422, in _write
    return self._func(self._session, conn, self._retryable)  # type: ignore
           ~~~~~~~~~~^^^^^^^^^^^^^^^^^^^^^^^^^^^^^^^^^^^^^^
  File "/usr/local/lib/python3.13/site-packages/pymongo/collection.py", line 597, in _insert_command
    result = conn.command(
        self.__database.name,
    ...<5 lines>...
        retryable_write=retryable_write,
    )
  File "/usr/local/lib/python3.13/site-packages/pymongo/helpers.py", line 322, in inner
    return func(*args, **kwargs)
  File "/usr/local/lib/python3.13/site-packages/pymongo/pool.py", line 968, in command
    return command(
        self,
    ...<20 lines>...
        write_concern=write_concern,
    )
  File "/usr/local/lib/python3.13/site-packages/pymongo/network.py", line 192, in command
    helpers._check_command_response(
    ~~~~~~~~~~~~~~~~~~~~~~~~~~~~~~~^
        response_doc,
        ^^^^^^^^^^^^^
    ...<2 lines>...
        parse_write_concern_error=parse_write_concern_error,
        ^^^^^^^^^^^^^^^^^^^^^^^^^^^^^^^^^^^^^^^^^^^^^^^^^^^^
    )
    ^
  File "/usr/local/lib/python3.13/site-packages/pymongo/helpers.py", line 230, in _check_command_response
    raise OperationFailure(errmsg, code, response, max_wire_version)
pymongo.errors.OperationFailure: [ActivityId=66f3d13b-59bc-4594-b6d9-e1dfe2972376] Error=1, Details='Response status code does not indicate success: ServiceUnavailable (503); Substatus: 1007; ActivityId: 66f3d13b-59bc-4594-b6d9-e1dfe2972376; Reason: ({"code":"ServiceUnavailable","message":"Sorry, we are currently experiencing high demand in this region UK South, and cannot fulfill your request at this time Tue, 04 Nov 2025 07:27:34 GMT.\r\nActivityId: 66f3d13b-59bc-4594-b6d9-e1dfe2972376, Microsoft.Azure.Documents.Common/2.14.0"}
RequestUri: https://developer-platform-user-db-30-uksouth.documents.azure.com/dbs/project_prj_f778ebmo/colls;
RequestMethod: POST;
Header: Authorization Length: 80;
Header: x-ms-date Length: 29;
Header: x-ms-cosmos-sdk-supportedcapabilities Length: 1;
Header: x-ms-cosmos-insert-systempartitionkey Length: 4;
Header: x-ms-activity-id Length: 36;
Header: Cache-Control Length: 8;
Header: User-Agent Length: 145;
Header: x-ms-cosmos-apitype Length: 7;
Header: x-ms-version Length: 10;
Header: Accept Length: 16;
Header: x-ms-cosmos-compute-hop-count Length: 1;
Header: x-ms-gateway-use-mtls Length: 1;
Header: traceparent Length: 55;
Header: tracestate Length: 6;
, Request URI: /dbs/project_prj_f778ebmo/colls, RequestStats: Microsoft.Azure.Cosmos.Tracing.TraceData.ClientSideRequestStatisticsTraceDatum, SDK: Windows/10.0.20348 cosmos-netstandard-sdk/3.18.0);; Diagnostics:{"Summary":{"GatewayCalls":{"(503, 1007)":1}},"name":"CreateContainerWithSystemPartitionKeyStreamAsync","start datetime":"2025-11-04T07:27:35.056Z","duration in milliseconds":88.0956,"data":{"Client Configuration":{"Client Created Time Utc":"2025-11-04T06:02:08.3642641Z","MachineId":"vmId:22769efc-a7d6-4bca-b349-327fb7606a7b","VM Region":"uksouth","NumberOfClientsCreated":12067,"NumberOfActiveClients":144,"ConnectionMode":"Direct","User Agent":"cosmos-netstandard-sdk/3.51.0P|10|X64|Microsoft Windows 10.0.20348|.NET 8.0.4|S|F 00000010|MongoService1-ComputeGateway-cdb-ms-prod-uksouth1-fe16","ConnectionConfig":{"gw":"(cps:50, urto:60, p:False, httpf: True)","rntbd":"(cto: 5, icto: -1, mrpc: 6, mcpe: 64, erd: True, pr: ReuseUnicastPort)","other":"(ed:False, be:False)"},"ConsistencyConfig":"(consistency: NotSet, prgns:[], apprgn: UK South)","ProcessorCount":32}},"children":[{"name":"Microsoft.Azure.Cosmos.Handlers.RequestInvokerHandler","duration in milliseconds":88.0342,"children":[{"name":"Microsoft.Azure.Cosmos.Friends.DelayEstimateRequestHandler","duration in milliseconds":88.0235,"children":[{"name":"Microsoft.Azure.Cosmos.Handlers.TelemetryHandler","duration in milliseconds":88.0212,"children":[{"name":"Microsoft.Azure.Cosmos.Handlers.RetryHandler","duration in milliseconds":88.0199,"children":[{"name":"Microsoft.Azure.Cosmos.Handlers.RouterHandler","duration in milliseconds":88.0046,"children":[{"name":"Microsoft.Azure.Cosmos.Handlers.TransportHandler","duration in milliseconds":88.0037,"children":[{"name":"Microsoft.Azure.Cosmos.GatewayStoreModel Transport Request","duration in milliseconds":87.7473,"data":{"Client Side Request Stats":{"Id":"AggregatedClientSideRequestStatistics","ContactedReplicas":[],"RegionsContacted":[],"FailedReplicas":[],"AddressResolutionStatistics":[],"StoreResponseStatistics":[],"HttpResponseStats":[{"StartTimeUTC":"2025-11-04T07:27:35.0569918Z","DurationInMs":86.7682,"RequestUri":"https://developer-platform-user-db-30-uksouth.documents.azure.com/dbs/project_prj_f778ebmo/colls","ResourceType":"Collection","HttpMethod":"POST","ActivityId":"66f3d13b-59bc-4594-b6d9-e1dfe2972376","StatusCode":"ServiceUnavailable","ReasonPhrase":"Service Unavailable"}]},"Point Operation Statistics":{"Id":"PointOperationStatistics","ActivityId":"66f3d13b-59bc-4594-b6d9-e1dfe2972376","ResponseTimeUtc":"2025-11-04T07:27:35.1449405Z","StatusCode":503,"SubStatusCode":1007,"RequestCharge":0,"RequestUri":"dbs/project_prj_f778ebmo","ErrorMessage":"{\"code\":\"ServiceUnavailable\",\"message\":\"Sorry, we are currently experiencing high demand in this region UK South, and cannot fulfill your request at this time Tue, 04 Nov 2025 07:27:34 GMT.\\r\\nActivityId: 66f3d13b-59bc-4594-b6d9-e1dfe2972376, Microsoft.Azure.Documents.Common/2.14.0\"}\r\nRequestUri: https://developer-platform-user-db-30-uksouth.documents.azure.com/dbs/project_prj_f778ebmo/colls;\r\nRequestMethod: POST;\r\nHeader: Authorization Length: 80;\r\nHeader: x-ms-date Length: 29;\r\nHeader: x-ms-cosmos-sdk-supportedcapabilities Length: 1;\r\nHeader: x-ms-cosmos-insert-systempartitionkey Length: 4;\r\nHeader: x-ms-activity-id Length: 36;\r\nHeader: Cache-Control Length: 8;\r\nHeader: User-Agent Length: 145;\r\nHeader: x-ms-cosmos-apitype Length: 7;\r\nHeader: x-ms-version Length: 10;\r\nHeader: Accept Length: 16;\r\nHeader: x-ms-cosmos-compute-hop-count Length: 1;\r\nHeader: x-ms-gateway-use-mtls Length: 1;\r\nHeader: traceparent Length: 55;\r\nHeader: tracestate Length: 6;\r\n, Request URI: /dbs/project_prj_f778ebmo/colls, RequestStats: Microsoft.Azure.Cosmos.Tracing.TraceData.ClientSideRequestStatisticsTraceDatum, SDK: Windows/10.0.20348 cosmos-netstandard-sdk/3.18.0","RequestSessionToken":null,"ResponseSessionToken":null,"BELatencyInMs":null}}}]}]}]}]}]}]}]}, full error: {'ok': 0.0, 'errmsg': '[ActivityId=66f3d13b-59bc-4594-b6d9-e1dfe2972376] Error=1, Details=\'Response status code does not indicate success: ServiceUnavailable (503); Substatus: 1007; ActivityId: 66f3d13b-59bc-4594-b6d9-e1dfe2972376; Reason: ({"code":"ServiceUnavailable","message":"Sorry, we are currently experiencing high demand in this region UK South, and cannot fulfill your request at this time Tue, 04 Nov 2025 07:27:34 GMT.\\r\\nActivityId: 66f3d13b-59bc-4594-b6d9-e1dfe2972376, Microsoft.Azure.Documents.Common/2.14.0"}\r\nRequestUri: https://developer-platform-user-db-30-uksouth.documents.azure.com/dbs/project_prj_f778ebmo/colls;\r\nRequestMethod: POST;\r\nHeader: Authorization Length: 80;\r\nHeader: x-ms-date Length: 29;\r\nHeader: x-ms-cosmos-sdk-supportedcapabilities Length: 1;\r\nHeader: x-ms-cosmos-insert-systempartitionkey Length: 4;\r\nHeader: x-ms-activity-id Length: 36;\r\nHeader: Cache-Control Length: 8;\r\nHeader: User-Agent Length: 145;\r\nHeader: x-ms-cosmos-apitype Length: 7;\r\nHeader: x-ms-version Length: 10;\r\nHeader: Accept Length: 16;\r\nHeader: x-ms-cosmos-compute-hop-count Length: 1;\r\nHeader: x-ms-gateway-use-mtls Length: 1;\r\nHeader: traceparent Length: 55;\r\nHeader: tracestate Length: 6;\r\n, Request URI: /dbs/project_prj_f778ebmo/colls, RequestStats: Microsoft.Azure.Cosmos.Tracing.TraceData.ClientSideRequestStatisticsTraceDatum, SDK: Windows/10.0.20348 cosmos-netstandard-sdk/3.18.0);; Diagnostics:{"Summary":{"GatewayCalls":{"(503, 1007)":1}},"name":"CreateContainerWithSystemPartitionKeyStreamAsync","start datetime":"2025-11-04T07:27:35.056Z","duration in milliseconds":88.0956,"data":{"Client Configuration":{"Client Created Time Utc":"2025-11-04T06:02:08.3642641Z","MachineId":"vmId:22769efc-a7d6-4bca-b349-327fb7606a7b","VM Region":"uksouth","NumberOfClientsCreated":12067,"NumberOfActiveClients":144,"ConnectionMode":"Direct","User Agent":"cosmos-netstandard-sdk/3.51.0P|10|X64|Microsoft Windows 10.0.20348|.NET 8.0.4|S|F 00000010|MongoService1-ComputeGateway-cdb-ms-prod-uksouth1-fe16","ConnectionConfig":{"gw":"(cps:50, urto:60, p:False, httpf: True)","rntbd":"(cto: 5, icto: -1, mrpc: 6, mcpe: 64, erd: True, pr: ReuseUnicastPort)","other":"(ed:False, be:False)"},"ConsistencyConfig":"(consistency: NotSet, prgns:[], apprgn: UK South)","ProcessorCount":32}},"children":[{"name":"Microsoft.Azure.Cosmos.Handlers.RequestInvokerHandler","duration in milliseconds":88.0342,"children":[{"name":"Microsoft.Azure.Cosmos.Friends.DelayEstimateRequestHandler","duration in milliseconds":88.0235,"children":[{"name":"Microsoft.Azure.Cosmos.Handlers.TelemetryHandler","duration in milliseconds":88.0212,"children":[{"name":"Microsoft.Azure.Cosmos.Handlers.RetryHandler","duration in milliseconds":88.0199,"children":[{"name":"Microsoft.Azure.Cosmos.Handlers.RouterHandler","duration in milliseconds":88.0046,"children":[{"name":"Microsoft.Azure.Cosmos.Handlers.TransportHandler","duration in milliseconds":88.0037,"children":[{"name":"Microsoft.Azure.Cosmos.GatewayStoreModel Transport Request","duration in milliseconds":87.7473,"data":{"Client Side Request Stats":{"Id":"AggregatedClientSideRequestStatistics","ContactedReplicas":[],"RegionsContacted":[],"FailedReplicas":[],"AddressResolutionStatistics":[],"StoreResponseStatistics":[],"HttpResponseStats":[{"StartTimeUTC":"2025-11-04T07:27:35.0569918Z","DurationInMs":86.7682,"RequestUri":"https://developer-platform-user-db-30-uksouth.documents.azure.com/dbs/project_prj_f778ebmo/colls","ResourceType":"Collection","HttpMethod":"POST","ActivityId":"66f3d13b-59bc-4594-b6d9-e1dfe2972376","StatusCode":"ServiceUnavailable","ReasonPhrase":"Service Unavailable"}]},"Point Operation Statistics":{"Id":"PointOperationStatistics","ActivityId":"66f3d13b-59bc-4594-b6d9-e1dfe2972376","ResponseTimeUtc":"2025-11-04T07:27:35.1449405Z","StatusCode":503,"SubStatusCode":1007,"RequestCharge":0,"RequestUri":"dbs/project_prj_f778ebmo","ErrorMessage":"{\\"code\\":\\"ServiceUnavailable\\",\\"message\\":\\"Sorry, we are currently experiencing high demand in this region UK South, and cannot fulfill your request at this time Tue, 04 Nov 2025 07:27:34 GMT.\\\\r\\\\nActivityId: 66f3d13b-59bc-4594-b6d9-e1dfe2972376, Microsoft.Azure.Documents.Common/2.14.0\\"}\\r\\nRequestUri: https://developer-platform-user-db-30-uksouth.documents.azure.com/dbs/project_prj_f778ebmo/colls;\\r\\nRequestMethod: POST;\\r\\nHeader: Authorization Length: 80;\\r\\nHeader: x-ms-date Length: 29;\\r\\nHeader: x-ms-cosmos-sdk-supportedcapabilities Length: 1;\\r\\nHeader: x-ms-cosmos-insert-systempartitionkey Length: 4;\\r\\nHeader: x-ms-activity-id Length: 36;\\r\\nHeader: Cache-Control Length: 8;\\r\\nHeader: User-Agent Length: 145;\\r\\nHeader: x-ms-cosmos-apitype Length: 7;\\r\\nHeader: x-ms-version Length: 10;\\r\\nHeader: Accept Length: 16;\\r\\nHeader: x-ms-cosmos-compute-hop-count Length: 1;\\r\\nHeader: x-ms-gateway-use-mtls Length: 1;\\r\\nHeader: traceparent Length: 55;\\r\\nHeader: tracestate Length: 6;\\r\\n, Request URI: /dbs/project_prj_f778ebmo/colls, RequestStats: Microsoft.Azure.Cosmos.Tracing.TraceData.ClientSideRequestStatisticsTraceDatum, SDK: Windows/10.0.20348 cosmos-netstandard-sdk/3.18.0","RequestSessionToken":null,"ResponseSessionToken":null,"BELatencyInMs":null}}}]}]}]}]}]}]}]}', 'code': 1, 'codeName': 'InternalError'}
